There are 15 section headers, starting at offset 0x79990:

Section Headers:
  [Nr] Name              Type            Addr     Off    Size   ES Flg Lk Inf Al
  [ 0]                   NULL            00000000 000000 000000 00      0   0  0
  [ 1] .text             PROGBITS        00100000 001000 02b000 00  AX  0   0 32
  [ 2] .data             PROGBITS        0012b000 02c000 002000 00  WA  0   0 32
  [ 3] .bss              NOBITS          0012d000 02e000 0458b0 00  WA  0   0 32
  [ 4] .initial_stack,   NOBITS          001728b0 02e000 019998 00   A  0   0  4
  [ 5] .debug_info       PROGBITS        00000000 02e000 02188d 00      0   0  1
  [ 6] .debug_abbrev     PROGBITS        00000000 04f88d 00812a 00      0   0  1
  [ 7] .debug_aranges    PROGBITS        00000000 0579b7 000858 00      0   0  1
  [ 8] .debug_line       PROGBITS        00000000 05820f 01101c 00      0   0  1
  [ 9] .debug_str        PROGBITS        00000000 06922b 006c5a 01  MS  0   0  1
  [10] .comment          PROGBITS        00000000 06fe85 000011 01  MS  0   0  1
  [11] .debug_ranges     PROGBITS        00000000 06fe96 0002e0 00      0   0  1
  [12] .symtab           SYMTAB          00000000 070178 005720 10     13 451  4
  [13] .strtab           STRTAB          00000000 075898 004065 00      0   0  1
  [14] .shstrtab         STRTAB          00000000 0798fd 000093 00      0   0  1
Key to Flags:
  W (write), A (alloc), X (execute), M (merge), S (strings), I (info),
  L (link order), O (extra OS processing required), G (group), T (TLS),
  C (compressed), x (unknown), o (OS specific), E (exclude),
  D (mbind), p (processor specific)
